2026-05-11 07:21:07,776 [INFO] === Daily Brief Pipeline START ===
2026-05-11 07:21:07,833 [INFO] Step 1/5: File ingestion scan (max 20/dir, skip inbox)...
2026-05-11 07:22:37,875 [WARNING]   File ingestion timed out (90s), continuing pipeline.
2026-05-11 07:22:37,876 [INFO] Step 2/5: Email ingestion...
2026-05-11 07:22:54,554 [INFO]   Email ingestion complete.
2026-05-11 07:22:54,554 [INFO] Step 3/5: Daily brief generation...
2026-05-11 07:22:55,876 [INFO]   Brief generated: C:\Users\01455310\Documents\Obsidian Vault\26年中集环科工作区\日简报\每日工作简报_2026-05-11.md
2026-05-11 07:22:55,876 [INFO] Step 4/5: Plan generation...
2026-05-11 07:22:56,209 [INFO]   Plans generated.
2026-05-11 07:22:56,210 [INFO] Step 5/5: Health check (quick)...
2026-05-11 07:22:56,829 [INFO]   Health check OK.
2026-05-11 07:22:56,829 [INFO] === Daily Brief Pipeline END ===
2026-05-11 08:08:26,950 [INFO] === Daily Brief Pipeline START ===
2026-05-11 08:08:26,951 [INFO] Step 1/5: File ingestion scan (max 20/dir, skip inbox)...
2026-05-11 08:09:56,995 [WARNING]   File ingestion timed out (90s), continuing pipeline.
2026-05-11 08:09:56,995 [INFO] Step 2/5: Email ingestion...
2026-05-11 08:10:04,981 [INFO]   Email ingestion complete.
2026-05-11 08:10:04,981 [INFO] Step 3/5: Daily brief generation...
2026-05-11 08:10:12,040 [INFO]   Brief generated: C:\Users\01455310\Documents\Obsidian Vault\26年中集环科工作区\日简报\每日工作简报_2026-05-11.md
2026-05-11 08:10:12,040 [INFO] Step 4/5: Plan generation...
2026-05-11 08:10:12,269 [INFO]   Plans generated.
2026-05-11 08:10:12,270 [INFO] Step 5/5: Health check (quick)...
2026-05-11 08:10:12,721 [INFO]   Health check OK.
2026-05-11 08:10:12,721 [INFO] === Daily Brief Pipeline END ===
2026-05-11 13:00:01,432 [INFO] === Midday Scan ===
2026-05-11 13:01:31,469 [WARNING]   File scan timed out (90s), continuing.
2026-05-11 13:01:37,748 [INFO]   Email check complete.
2026-05-11 13:01:37,749 [INFO] === Midday Scan END ===
2026-05-11 13:35:13,736 [INFO] === Midday Scan ===
2026-05-11 13:36:43,765 [WARNING]   File scan timed out (90s), continuing.
2026-05-11 13:37:00,634 [INFO]   Email check complete.
2026-05-11 13:37:00,635 [INFO] === Midday Scan END ===
