2026-05-08 07:53:47,166 [INFO] === Daily Brief Pipeline START ===
2026-05-08 07:53:47,259 [INFO] Step 1/5: File ingestion scan (max 20/dir, skip inbox)...
2026-05-08 07:55:17,391 [WARNING]   File ingestion timed out (90s), continuing pipeline.
2026-05-08 07:55:17,392 [INFO] Step 2/5: Email ingestion...
2026-05-08 07:56:09,120 [INFO]   Email ingestion complete.
2026-05-08 07:56:09,121 [INFO] Step 3/5: Daily brief generation...
2026-05-08 07:56:10,974 [INFO]   Brief generated: C:\Users\01455310\Documents\Obsidian Vault\26年中集环科工作区\日简报\每日工作简报_2026-05-08.md
2026-05-08 07:56:10,975 [INFO] Step 4/5: Plan generation...
2026-05-08 07:56:11,324 [INFO]   Plans generated.
2026-05-08 07:56:11,325 [INFO] Step 5/5: Health check (quick)...
2026-05-08 07:56:12,044 [INFO]   Health check OK.
2026-05-08 07:56:12,044 [INFO] === Daily Brief Pipeline END ===
2026-05-08 08:07:09,655 [INFO] === Daily Brief Pipeline START ===
2026-05-08 08:07:09,656 [INFO] Step 1/5: File ingestion scan (max 20/dir, skip inbox)...
2026-05-08 08:08:39,706 [WARNING]   File ingestion timed out (90s), continuing pipeline.
2026-05-08 08:08:39,706 [INFO] Step 2/5: Email ingestion...
2026-05-08 08:08:58,979 [INFO]   Email ingestion complete.
2026-05-08 08:08:58,980 [INFO] Step 3/5: Daily brief generation...
2026-05-08 08:09:04,931 [INFO]   Brief generated: C:\Users\01455310\Documents\Obsidian Vault\26年中集环科工作区\日简报\每日工作简报_2026-05-08.md
2026-05-08 08:09:04,932 [INFO] Step 4/5: Plan generation...
2026-05-08 08:09:05,123 [INFO]   Plans generated.
2026-05-08 08:09:05,123 [INFO] Step 5/5: Health check (quick)...
2026-05-08 08:09:05,545 [INFO]   Health check OK.
2026-05-08 08:09:05,545 [INFO] === Daily Brief Pipeline END ===
2026-05-08 14:55:52,172 [INFO] === Midday Scan ===
2026-05-08 14:57:22,303 [WARNING]   File scan timed out (90s), continuing.
2026-05-08 14:59:36,938 [INFO] === Midday Scan ===
2026-05-08 15:01:06,996 [WARNING]   File scan timed out (90s), continuing.
2026-05-08 15:02:07,028 [WARNING]   Email check timed out (60s), continuing.
2026-05-08 15:02:07,028 [INFO] === Midday Scan END ===
