2026-05-07 07:21:34,070 [INFO] Checking JARVIS task status...
2026-05-07 07:22:05,577 [INFO] === Daily Brief Pipeline START ===
2026-05-07 07:22:05,577 [INFO] Step 1/4: File ingestion scan...
2026-05-07 07:28:43,026 [INFO] === Daily Brief Pipeline START ===
2026-05-07 07:28:43,027 [INFO] Step 1/4: File ingestion scan (max 20/dir, skip inbox)...
2026-05-07 07:30:13,077 [WARNING]   File ingestion timed out (90s), continuing pipeline.
2026-05-07 07:30:13,077 [INFO] Step 2/4: Email ingestion...
2026-05-07 07:30:28,526 [INFO]   Email ingestion complete.
2026-05-07 07:30:28,526 [INFO] Step 3/4: Daily brief generation...
2026-05-07 07:30:32,429 [INFO]   Brief generated: C:\Users\01455310\Documents\Obsidian Vault\26年中集环科工作区\日简报\每日工作简报_2026-05-07.md
2026-05-07 07:30:32,429 [INFO] Step 4/4: Plan generation...
2026-05-07 07:30:32,677 [INFO]   Plans generated.
2026-05-07 07:30:32,677 [INFO] === Daily Brief Pipeline END ===
2026-05-07 07:31:21,165 [INFO] === Installing JARVIS scheduled tasks ===
2026-05-07 07:31:21,222 [INFO]   [OK] JARVIS_IndexUpdate: 07:00 DAILY
2026-05-07 07:31:21,266 [INFO]   [OK] JARVIS_DailyBrief: 07:15 DAILY
2026-05-07 07:31:21,311 [INFO]   [OK] JARVIS_MiddayScan: 13:00 DAILY
2026-05-07 07:31:21,311 [INFO] === Installation complete ===
2026-05-07 07:45:07,138 [INFO] === Daily Brief Pipeline START ===
2026-05-07 07:45:07,138 [INFO] Step 1/4: File ingestion scan (max 20/dir, skip inbox)...
2026-05-07 07:46:37,167 [WARNING]   File ingestion timed out (90s), continuing pipeline.
2026-05-07 07:46:37,168 [INFO] Step 2/4: Email ingestion...
2026-05-07 07:47:16,715 [INFO]   Email ingestion complete.
2026-05-07 07:47:16,715 [INFO] Step 3/4: Daily brief generation...
2026-05-07 07:47:20,599 [INFO]   Brief generated: C:\Users\01455310\Documents\Obsidian Vault\26年中集环科工作区\日简报\每日工作简报_2026-05-07.md
2026-05-07 07:47:20,599 [INFO] Step 4/4: Plan generation...
2026-05-07 07:47:20,896 [INFO]   Plans generated.
2026-05-07 07:47:20,897 [INFO] === Daily Brief Pipeline END ===
2026-05-07 13:00:00,329 [INFO] === Midday Scan ===
2026-05-07 13:01:30,370 [WARNING]   File scan timed out (90s), continuing.
2026-05-07 13:01:38,633 [INFO]   Email check complete.
2026-05-07 13:01:38,634 [INFO] === Midday Scan END ===
2026-05-07 13:47:22,598 [INFO] === Midday Scan ===
2026-05-07 13:48:52,638 [WARNING]   File scan timed out (90s), continuing.
2026-05-07 13:49:33,630 [INFO]   Email check complete.
2026-05-07 13:49:33,630 [INFO] === Midday Scan END ===
2026-05-07 16:06:55,246 [INFO] === Installing JARVIS scheduled tasks ===
2026-05-07 16:06:55,292 [INFO]   [OK] JARVIS_IndexUpdate: 07:00 DAILY
2026-05-07 16:06:55,331 [INFO]   [OK] JARVIS_DailyBrief: 07:15 DAILY
2026-05-07 16:06:55,368 [INFO]   [OK] JARVIS_MiddayScan: 13:00 DAILY
2026-05-07 16:06:55,409 [INFO]   [OK] JARVIS_WeeklyReport: 16:00 WEEKLY
2026-05-07 16:06:55,409 [INFO] === Installation complete ===
