2026-05-13 07:26:31,814 [INFO] === Daily Brief Pipeline START ===
2026-05-13 07:26:31,826 [INFO] Step 1/5: File ingestion scan (max 20/dir, skip inbox)...
2026-05-13 07:28:01,899 [WARNING]   File ingestion timed out (90s), continuing pipeline.
2026-05-13 07:28:01,900 [INFO] Step 2/5: Email ingestion...
2026-05-13 07:28:15,336 [INFO]   Email ingestion complete.
2026-05-13 07:28:15,336 [INFO] Step 3/5: Daily brief generation...
2026-05-13 07:28:16,668 [INFO]   Brief generated: C:\Users\01455310\Documents\Obsidian Vault\26年中集环科工作区\日简报\每日工作简报_2026-05-13.md
2026-05-13 07:28:16,669 [INFO] Step 4/5: Plan generation...
2026-05-13 07:28:16,916 [INFO]   Plans generated.
2026-05-13 07:28:16,917 [INFO] Step 5/5: Health check (quick)...
2026-05-13 07:28:17,525 [INFO]   Health check OK.
2026-05-13 07:28:17,525 [INFO] === Daily Brief Pipeline END ===
2026-05-13 07:45:22,852 [INFO] === Daily Brief Pipeline START ===
2026-05-13 07:45:22,852 [INFO] Step 1/5: File ingestion scan (max 20/dir, skip inbox)...
2026-05-13 07:46:52,882 [WARNING]   File ingestion timed out (90s), continuing pipeline.
2026-05-13 07:46:52,884 [INFO] Step 2/5: Email ingestion...
2026-05-13 07:47:37,668 [INFO]   Email ingestion complete.
2026-05-13 07:47:37,668 [INFO] Step 3/5: Daily brief generation...
2026-05-13 07:47:43,227 [INFO]   Brief generated: C:\Users\01455310\Documents\Obsidian Vault\26年中集环科工作区\日简报\每日工作简报_2026-05-13.md
2026-05-13 07:47:43,228 [INFO] Step 4/5: Plan generation...
2026-05-13 07:47:43,445 [INFO]   Plans generated.
2026-05-13 07:47:43,445 [INFO] Step 5/5: Health check (quick)...
2026-05-13 07:47:43,844 [INFO]   Health check OK.
2026-05-13 07:47:43,844 [INFO] === Daily Brief Pipeline END ===
2026-05-13 13:35:06,699 [INFO] === Midday Scan ===
2026-05-13 13:36:36,776 [WARNING]   File scan timed out (90s), continuing.
2026-05-13 13:37:17,945 [INFO]   Email check complete.
2026-05-13 13:37:17,945 [INFO] === Midday Scan END ===
