2026-05-14 07:33:14,356 [INFO] === Daily Brief Pipeline START ===
2026-05-14 07:33:14,396 [INFO] Step 1/5: File ingestion scan (max 20/dir, skip inbox)...
2026-05-14 07:34:44,492 [WARNING]   File ingestion timed out (90s), continuing pipeline.
2026-05-14 07:34:44,493 [INFO] Step 2/5: Email ingestion...
2026-05-14 07:35:24,431 [INFO]   Email ingestion complete.
2026-05-14 07:35:24,432 [INFO] Step 3/5: Daily brief generation...
2026-05-14 07:35:26,871 [INFO]   Brief generated: C:\Users\01455310\Documents\Obsidian Vault\26年中集环科工作区\日简报\每日工作简报_2026-05-14.md
2026-05-14 07:35:26,871 [INFO] Step 4/5: Plan generation...
2026-05-14 07:35:27,255 [INFO]   Plans generated.
2026-05-14 07:35:27,257 [INFO] Step 5/5: Health check (quick)...
2026-05-14 07:35:29,124 [INFO]   Health check OK.
2026-05-14 07:35:29,124 [INFO] === Daily Brief Pipeline END ===
2026-05-14 07:45:06,123 [INFO] === Daily Brief Pipeline START ===
2026-05-14 07:45:06,124 [INFO] Step 1/5: File ingestion scan (max 20/dir, skip inbox)...
2026-05-14 07:46:36,159 [WARNING]   File ingestion timed out (90s), continuing pipeline.
2026-05-14 07:46:36,159 [INFO] Step 2/5: Email ingestion...
2026-05-14 07:46:39,172 [INFO]   Email ingestion complete.
2026-05-14 07:46:39,172 [INFO] Step 3/5: Daily brief generation...
2026-05-14 07:46:44,048 [INFO]   Brief generated: C:\Users\01455310\Documents\Obsidian Vault\26年中集环科工作区\日简报\每日工作简报_2026-05-14.md
2026-05-14 07:46:44,049 [INFO] Step 4/5: Plan generation...
2026-05-14 07:46:44,242 [INFO]   Plans generated.
2026-05-14 07:46:44,242 [INFO] Step 5/5: Health check (quick)...
2026-05-14 07:46:44,617 [INFO]   Health check OK.
2026-05-14 07:46:44,617 [INFO] === Daily Brief Pipeline END ===
